android/app/build/intermediates/manifest_merge_blame_file/release/processReleaseMainManifest/manifest-merger-blame-release-report.txt
1<?xml version="1.0" encoding="utf-8"?>
2<manifest xmlns:android="http://schemas.android.com/apk/res/android"
3    package="com.adify.app"
4    android:versionCode="1"
5    android:versionName="1.0" >
6
7    <uses-sdk
8        android:minSdkVersion="23"
9        android:targetSdkVersion="35" />
10
11    <uses-permission android:name="android.permission.INTERNET" />
11-->src/main/AndroidManifest.xml:2:5-67
11-->src/main/AndroidManifest.xml:2:22-64
12    <uses-permission android:name="android.permission.FOREGROUND_SERVICE" />
12-->src/main/AndroidManifest.xml:3:5-77
12-->src/main/AndroidManifest.xml:3:22-74
13    <uses-permission android:name="android.permission.FOREGROUND_SERVICE_MEDIA_PLAYBACK" />
13-->src/main/AndroidManifest.xml:4:5-92
13-->src/main/AndroidManifest.xml:4:22-89
14    <uses-permission android:name="android.permission.POST_NOTIFICATIONS" />
14-->src/main/AndroidManifest.xml:5:5-77
14-->src/main/AndroidManifest.xml:5:22-74
15
16    <permission
16-->[androidx.core:core:1.12.0] AndroidManifest.xml:22:5-24:47
17        android:name="com.adify.app.DYNAMIC_RECEIVER_NOT_EXPORTED_PERMISSION"
17-->[androidx.core:core:1.12.0] AndroidManifest.xml:23:9-81
18        android:protectionLevel="signature" />
18-->[androidx.core:core:1.12.0] AndroidManifest.xml:24:9-44
19
20    <uses-permission android:name="com.adify.app.DYNAMIC_RECEIVER_NOT_EXPORTED_PERMISSION" />
20-->[androidx.core:core:1.12.0] AndroidManifest.xml:26:5-97
20-->[androidx.core:core:1.12.0] AndroidManifest.xml:26:22-94
21
22    <application
22-->src/main/AndroidManifest.xml:7:5-31:19
23        android:allowBackup="true"
23-->src/main/AndroidManifest.xml:8:9-35
24        android:appComponentFactory="androidx.core.app.CoreComponentFactory"
24-->[androidx.core:core:1.12.0] AndroidManifest.xml:28:18-86
25        android:extractNativeLibs="false"
26        android:hardwareAccelerated="true"
26-->src/main/AndroidManifest.xml:9:9-43
27        android:icon="@drawable/ic_launcher"
27-->src/main/AndroidManifest.xml:10:9-45
28        android:label="@string/app_name"
28-->src/main/AndroidManifest.xml:11:9-41
29        android:networkSecurityConfig="@xml/network_security_config"
29-->src/main/AndroidManifest.xml:12:9-69
30        android:theme="@style/AppTheme"
30-->src/main/AndroidManifest.xml:13:9-40
31        android:usesCleartextTraffic="true" >
31-->src/main/AndroidManifest.xml:14:9-44
32        <activity
32-->src/main/AndroidManifest.xml:15:9-24:20
33            android:name="com.adify.app.MainActivity"
33-->src/main/AndroidManifest.xml:16:13-41
34            android:configChanges="keyboard|keyboardHidden|orientation|screenSize"
34-->src/main/AndroidManifest.xml:17:13-83
35            android:exported="true"
35-->src/main/AndroidManifest.xml:19:13-36
36            android:launchMode="singleTop" >
36-->src/main/AndroidManifest.xml:18:13-43
37            <intent-filter>
37-->src/main/AndroidManifest.xml:20:13-23:29
38                <action android:name="android.intent.action.MAIN" />
38-->src/main/AndroidManifest.xml:21:17-69
38-->src/main/AndroidManifest.xml:21:25-66
39
40                <category android:name="android.intent.category.LAUNCHER" />
40-->src/main/AndroidManifest.xml:22:17-77
40-->src/main/AndroidManifest.xml:22:27-74
41            </intent-filter>
42        </activity>
43
44        <service
44-->src/main/AndroidManifest.xml:26:9-30:19
45            android:name="com.adify.app.MediaPlaybackService"
45-->src/main/AndroidManifest.xml:27:13-49
46            android:exported="false"
46-->src/main/AndroidManifest.xml:29:13-37
47            android:foregroundServiceType="mediaPlayback" >
47-->src/main/AndroidManifest.xml:28:13-58
48        </service>
49    </application>
50
51</manifest>